Starting AssetCooker...
Argument '--shaders' has been deprecated and is no longer used.
Opened output file: C:\Users\Life\Documents\My Games\Sid Meier's Civilization VI\Mods\JohnsonBuddies\ArtDefs/Units.artdef
Cooking ArtDef: (Cultures.artdef).
Cooking ArtDef: (Eras.artdef).
Cooking ArtDef: (CityGenerators.artdef).
Cooking ArtDef: (Appeal.artdef).
Cooking ArtDef: (Civilizations.artdef).
Cooking ArtDef: (Landmarks.artdef).
Cooking ArtDef: (Districts.artdef).
Cooking ArtDef: (Buildings.artdef).
Cooking ArtDef: (StrategicView.artdef).
Cooking ArtDef: (Clutter.artdef).
Cooking ArtDef: (Terrains.artdef).
Cooking ArtDef: (Features.artdef).
Cooking ArtDef: (VFX.artdef).
Cooking ArtDef: (Units.artdef).
 >> Units.artdef >> UnitMemberTypes >> SpecOpsShooter_J >> Combat references an ArtDef entry (SpecOpsShooter_J) that does not exist in the ArtDef Collection (MemberCombat) of ArtDef (Units.artdef).
 >> Units.artdef >> UnitMemberTypes >> SpecOpsShooter_J >> Combat has had its value replaced with its default value.

 >> Units.artdef >> UnitMemberTypes >> SpecOpsSpotter_J >> Combat references an ArtDef entry (SpecOpsSpotter_J) that does not exist in the ArtDef Collection (MemberCombat) of ArtDef (Units.artdef).
 >> Units.artdef >> UnitMemberTypes >> SpecOpsSpotter_J >> Combat has had its value replaced with its default value.

Cook finished for ArtDef at Path: 'Units.artdef' with Template: 'Units'
ArtDef cook completed.
Opened output file: C:/Users/Life/Documents/My Games/Sid Meier's Civilization VI/Mods/JohnsonBuddies/JohnsonBuddies.dep    For project JohnsonBuddies
Cook completed in 0.227 seconds